2024-08-14 04:26:35 [error]: uncaughtException: listen EADDRINUSE: address already in use :::3000
Error: listen EADDRINUSE: address already in use :::3000
    at Server.setupListenHandle [as _listen2] (node:net:1902:16)
    at listenInCluster (node:net:1959:12)
    at Server.listen (node:net:2061:7)
    at Function.listen (/usr/src/app/node_modules/express/lib/application.js:635:24)
    at Object.<anonymous> (/usr/src/app/app.js:18:5)
    at Module._compile (node:internal/modules/cjs/loader:1546:14)
    at Module._extensions..js (node:internal/modules/cjs/loader:1691:10)
    at Module.load (node:internal/modules/cjs/loader:1317:32)
    at Module._load (node:internal/modules/cjs/loader:1127:12)
    at TracingChannel.traceSync (node:diagnostics_channel:315:14)
2024-08-14 06:20:10 [error]: uncaughtException: listen EADDRINUSE: address already in use :::3000
Error: listen EADDRINUSE: address already in use :::3000
    at Server.setupListenHandle [as _listen2] (node:net:1902:16)
    at listenInCluster (node:net:1959:12)
    at Server.listen (node:net:2061:7)
    at Function.listen (/usr/src/app/node_modules/express/lib/application.js:635:24)
    at Object.<anonymous> (/usr/src/app/app.js:18:5)
    at Module._compile (node:internal/modules/cjs/loader:1546:14)
    at Module._extensions..js (node:internal/modules/cjs/loader:1691:10)
    at Module.load (node:internal/modules/cjs/loader:1317:32)
    at Module._load (node:internal/modules/cjs/loader:1127:12)
    at TracingChannel.traceSync (node:diagnostics_channel:315:14)
2024-08-14 06:30:30 [error]: uncaughtException: listen EADDRINUSE: address already in use :::3000
Error: listen EADDRINUSE: address already in use :::3000
    at Server.setupListenHandle [as _listen2] (node:net:1902:16)
    at listenInCluster (node:net:1959:12)
    at Server.listen (node:net:2061:7)
    at Function.listen (/usr/src/app/node_modules/express/lib/application.js:635:24)
    at Object.<anonymous> (/usr/src/app/app.js:18:5)
    at Module._compile (node:internal/modules/cjs/loader:1546:14)
    at Module._extensions..js (node:internal/modules/cjs/loader:1691:10)
    at Module.load (node:internal/modules/cjs/loader:1317:32)
    at Module._load (node:internal/modules/cjs/loader:1127:12)
    at TracingChannel.traceSync (node:diagnostics_channel:315:14)
2024-08-14 06:32:08 [error]: uncaughtException: listen EADDRINUSE: address already in use :::3000
Error: listen EADDRINUSE: address already in use :::3000
    at Server.setupListenHandle [as _listen2] (node:net:1902:16)
    at listenInCluster (node:net:1959:12)
    at Server.listen (node:net:2061:7)
    at Function.listen (/usr/src/app/node_modules/express/lib/application.js:635:24)
    at Object.<anonymous> (/usr/src/app/app.js:21:5)
    at Module._compile (node:internal/modules/cjs/loader:1546:14)
    at Module._extensions..js (node:internal/modules/cjs/loader:1691:10)
    at Module.load (node:internal/modules/cjs/loader:1317:32)
    at Module._load (node:internal/modules/cjs/loader:1127:12)
    at TracingChannel.traceSync (node:diagnostics_channel:315:14)
2024-08-14 06:34:40 [error]: uncaughtException: listen EADDRINUSE: address already in use :::3000
Error: listen EADDRINUSE: address already in use :::3000
    at Server.setupListenHandle [as _listen2] (node:net:1902:16)
    at listenInCluster (node:net:1959:12)
    at Server.listen (node:net:2061:7)
    at Function.listen (/usr/src/app/node_modules/express/lib/application.js:635:24)
    at Object.<anonymous> (/usr/src/app/app.js:21:5)
    at Module._compile (node:internal/modules/cjs/loader:1546:14)
    at Module._extensions..js (node:internal/modules/cjs/loader:1691:10)
    at Module.load (node:internal/modules/cjs/loader:1317:32)
    at Module._load (node:internal/modules/cjs/loader:1127:12)
    at TracingChannel.traceSync (node:diagnostics_channel:315:14)
2024-08-14 06:39:51 [error]: uncaughtException: listen EADDRINUSE: address already in use :::3000
Error: listen EADDRINUSE: address already in use :::3000
    at Server.setupListenHandle [as _listen2] (node:net:1902:16)
    at listenInCluster (node:net:1959:12)
    at Server.listen (node:net:2061:7)
    at Function.listen (/usr/src/app/node_modules/express/lib/application.js:635:24)
    at Object.<anonymous> (/usr/src/app/app.js:21:5)
    at Module._compile (node:internal/modules/cjs/loader:1546:14)
    at Module._extensions..js (node:internal/modules/cjs/loader:1691:10)
    at Module.load (node:internal/modules/cjs/loader:1317:32)
    at Module._load (node:internal/modules/cjs/loader:1127:12)
    at TracingChannel.traceSync (node:diagnostics_channel:315:14)
2024-08-14 06:41:22 [error]: uncaughtException: listen EADDRINUSE: address already in use :::3000
Error: listen EADDRINUSE: address already in use :::3000
    at Server.setupListenHandle [as _listen2] (node:net:1902:16)
    at listenInCluster (node:net:1959:12)
    at Server.listen (node:net:2061:7)
    at Function.listen (/usr/src/app/node_modules/express/lib/application.js:635:24)
    at Object.<anonymous> (/usr/src/app/app.js:21:5)
    at Module._compile (node:internal/modules/cjs/loader:1546:14)
    at Module._extensions..js (node:internal/modules/cjs/loader:1691:10)
    at Module.load (node:internal/modules/cjs/loader:1317:32)
    at Module._load (node:internal/modules/cjs/loader:1127:12)
    at TracingChannel.traceSync (node:diagnostics_channel:315:14)
2024-08-14 06:46:44 [error]: uncaughtException: listen EADDRINUSE: address already in use :::3000
Error: listen EADDRINUSE: address already in use :::3000
    at Server.setupListenHandle [as _listen2] (node:net:1902:16)
    at listenInCluster (node:net:1959:12)
    at Server.listen (node:net:2061:7)
    at Function.listen (/usr/src/app/node_modules/express/lib/application.js:635:24)
    at Object.<anonymous> (/usr/src/app/app.js:21:5)
    at Module._compile (node:internal/modules/cjs/loader:1546:14)
    at Module._extensions..js (node:internal/modules/cjs/loader:1691:10)
    at Module.load (node:internal/modules/cjs/loader:1317:32)
    at Module._load (node:internal/modules/cjs/loader:1127:12)
    at TracingChannel.traceSync (node:diagnostics_channel:315:14)
2024-08-14 06:50:20 [error]: uncaughtException: listen EADDRINUSE: address already in use :::3000
Error: listen EADDRINUSE: address already in use :::3000
    at Server.setupListenHandle [as _listen2] (node:net:1902:16)
    at listenInCluster (node:net:1959:12)
    at Server.listen (node:net:2061:7)
    at Function.listen (/usr/src/app/node_modules/express/lib/application.js:635:24)
    at Object.<anonymous> (/usr/src/app/app.js:21:5)
    at Module._compile (node:internal/modules/cjs/loader:1546:14)
    at Module._extensions..js (node:internal/modules/cjs/loader:1691:10)
    at Module.load (node:internal/modules/cjs/loader:1317:32)
    at Module._load (node:internal/modules/cjs/loader:1127:12)
    at TracingChannel.traceSync (node:diagnostics_channel:315:14)
2024-08-15 08:53:06 [error]: uncaughtException: listen EADDRINUSE: address already in use :::3000
Error: listen EADDRINUSE: address already in use :::3000
    at Server.setupListenHandle [as _listen2] (node:net:1817:16)
    at listenInCluster (node:net:1865:12)
    at Server.listen (node:net:1953:7)
    at Function.listen (/usr/src/app/node_modules/express/lib/application.js:635:24)
    at Object.<anonymous> (/usr/src/app/app.js:21:5)
    at Module._compile (node:internal/modules/cjs/loader:1364:14)
    at Module._extensions..js (node:internal/modules/cjs/loader:1422:10)
    at Module.load (node:internal/modules/cjs/loader:1203:32)
    at Module._load (node:internal/modules/cjs/loader:1019:12)
    at Function.executeUserEntryPoint [as runMain] (node:internal/modules/run_main:128:12)
2024-08-15 08:54:05 [error]: uncaughtException: listen EADDRINUSE: address already in use :::3000
Error: listen EADDRINUSE: address already in use :::3000
    at Server.setupListenHandle [as _listen2] (node:net:1817:16)
    at listenInCluster (node:net:1865:12)
    at Server.listen (node:net:1953:7)
    at Function.listen (/usr/src/app/node_modules/express/lib/application.js:635:24)
    at Object.<anonymous> (/usr/src/app/app.js:21:5)
    at Module._compile (node:internal/modules/cjs/loader:1364:14)
    at Module._extensions..js (node:internal/modules/cjs/loader:1422:10)
    at Module.load (node:internal/modules/cjs/loader:1203:32)
    at Module._load (node:internal/modules/cjs/loader:1019:12)
    at Function.executeUserEntryPoint [as runMain] (node:internal/modules/run_main:128:12)
2024-08-15 10:01:57 [error]: uncaughtException: listen EADDRINUSE: address already in use :::3000
Error: listen EADDRINUSE: address already in use :::3000
    at Server.setupListenHandle [as _listen2] (node:net:1817:16)
    at listenInCluster (node:net:1865:12)
    at Server.listen (node:net:1953:7)
    at Function.listen (/usr/src/app/node_modules/express/lib/application.js:635:24)
    at Object.<anonymous> (/usr/src/app/app.js:20:5)
    at Module._compile (node:internal/modules/cjs/loader:1364:14)
    at Module._extensions..js (node:internal/modules/cjs/loader:1422:10)
    at Module.load (node:internal/modules/cjs/loader:1203:32)
    at Module._load (node:internal/modules/cjs/loader:1019:12)
    at Function.executeUserEntryPoint [as runMain] (node:internal/modules/run_main:128:12)
2024-08-15 13:35:17 [error]: uncaughtException: listen EADDRINUSE: address already in use :::3000
Error: listen EADDRINUSE: address already in use :::3000
    at Server.setupListenHandle [as _listen2] (node:net:1817:16)
    at listenInCluster (node:net:1865:12)
    at Server.listen (node:net:1953:7)
    at Function.listen (/usr/src/app/node_modules/express/lib/application.js:635:24)
    at Object.<anonymous> (/usr/src/app/app.js:20:5)
    at Module._compile (node:internal/modules/cjs/loader:1364:14)
    at Module._extensions..js (node:internal/modules/cjs/loader:1422:10)
    at Module.load (node:internal/modules/cjs/loader:1203:32)
    at Module._load (node:internal/modules/cjs/loader:1019:12)
    at Function.executeUserEntryPoint [as runMain] (node:internal/modules/run_main:128:12)
2024-08-15 13:56:43 [error]: uncaughtException: listen EADDRINUSE: address already in use :::3000
Error: listen EADDRINUSE: address already in use :::3000
    at Server.setupListenHandle [as _listen2] (node:net:1817:16)
    at listenInCluster (node:net:1865:12)
    at Server.listen (node:net:1953:7)
    at Function.listen (/usr/src/app/node_modules/express/lib/application.js:635:24)
    at Object.<anonymous> (/usr/src/app/app.js:20:5)
    at Module._compile (node:internal/modules/cjs/loader:1364:14)
    at Module._extensions..js (node:internal/modules/cjs/loader:1422:10)
    at Module.load (node:internal/modules/cjs/loader:1203:32)
    at Module._load (node:internal/modules/cjs/loader:1019:12)
    at Function.executeUserEntryPoint [as runMain] (node:internal/modules/run_main:128:12)
